2026-01-07 18:29:55.619103 | C:\Users\yasht\AppData\Local\Temp\cv_debug.log | 0.97 hrs unused | 62.4 days old
2026-01-07 18:29:55.624909 | C:\Users\yasht\AppData\Local\Temp\wct7E57.tmp | 143.98 hrs unused | 25.8 days old
2026-01-07 18:29:55.626089 | C:\Users\yasht\AppData\Local\Temp\wct8F1C.tmp | 92.56 hrs unused | 25.8 days old
2026-01-07 18:29:55.626089 | C:\Users\yasht\AppData\Local\Temp\wctDD5F.tmp | 43.51 hrs unused | 25.8 days old
2026-01-07 18:30:19.659946 | C:\Users\yasht\AppData\Local\Temp\wct33D5.tmp | 43.36 hrs unused | 6.7 days old
2026-01-07 18:30:51.413693 | C:\Users\yasht\AppData\Local\Temp\wct46BE.tmp | 43.29 hrs unused | 6.7 days old
2026-01-07 18:30:51.415373 | C:\Users\yasht\AppData\Local\Temp\wct7E77.tmp | 143.99 hrs unused | 6.7 days old
2026-01-07 18:30:51.426767 | C:\Users\yasht\AppData\Local\Temp\wct8692.tmp | 143.99 hrs unused | 6.7 days old
2026-01-07 18:30:51.428733 | C:\Users\yasht\AppData\Local\Temp\wct8DD3.tmp | 92.57 hrs unused | 6.7 days old
2026-01-07 18:30:51.430750 | C:\Users\yasht\AppData\Local\Temp\wct9457.tmp | 92.57 hrs unused | 6.7 days old
2026-01-07 18:30:51.430750 | C:\Users\yasht\AppData\Local\Temp\wctDEB9.tmp | 43.51 hrs unused | 6.7 days old
2026-01-07 18:37:48.497024 | C:\Users\yasht\AppData\Local\Temp\VENOM-20260101-2204.log | 140.54 hrs unused | 5.9 days old
2026-01-07 18:37:54.575113 | C:\Users\yasht\AppData\Local\Temp\StructuredQuery.log | 139.91 hrs unused | 5.8 days old
2026-01-07 18:42:06.464727 | C:\Users\yasht\AppData\Local\Temp\python-languageserver-cancellation\a11c2faf19b35bbaab84c0beaa60b9af5b595b1a96\cancellation-bg-0.tmp | 43.63 hrs unused | 1.8 days old
2026-01-07 18:42:06.470581 | C:\Users\yasht\AppData\Local\Temp\python-languageserver-cancellation\a11c2faf19b35bbaab84c0beaa60b9af5b595b1a96\cancellation-bg-101.tmp | 43.47 hrs unused | 1.8 days old
2026-01-07 18:42:06.470581 | C:\Users\yasht\AppData\Local\Temp\python-languageserver-cancellation\a11c2faf19b35bbaab84c0beaa60b9af5b595b1a96\cancellation-bg-103.tmp | 43.47 hrs unused | 1.8 days old
2026-01-07 18:42:06.470581 | C:\Users\yasht\AppData\Local\Temp\python-languageserver-cancellation\a11c2faf19b35bbaab84c0beaa60b9af5b595b1a96\cancellation-bg-105.tmp | 43.47 hrs unused | 1.8 days old
2026-01-07 18:42:06.470581 | C:\Users\yasht\AppData\Local\Temp\python-languageserver-cancellation\a11c2faf19b35bbaab84c0beaa60b9af5b595b1a96\cancellation-bg-107.tmp | 43.46 hrs unused | 1.8 days old
2026-01-07 18:42:06.470581 | C:\Users\yasht\AppData\Local\Temp\python-languageserver-cancellation\a11c2faf19b35bbaab84c0beaa60b9af5b595b1a96\cancellation-bg-109.tmp | 43.46 hrs unused | 1.8 days old
2026-01-07 18:42:06.470581 | C:\Users\yasht\AppData\Local\Temp\python-languageserver-cancellation\a11c2faf19b35bbaab84c0beaa60b9af5b595b1a96\cancellation-bg-11.tmp | 43.63 hrs unused | 1.8 days old
2026-01-07 18:42:06.470581 | C:\Users\yasht\AppData\Local\Temp\python-languageserver-cancellation\a11c2faf19b35bbaab84c0beaa60b9af5b595b1a96\cancellation-bg-111.tmp | 43.46 hrs unused | 1.8 days old
2026-01-07 18:42:06.470581 | C:\Users\yasht\AppData\Local\Temp\python-languageserver-cancellation\a11c2faf19b35bbaab84c0beaa60b9af5b595b1a96\cancellation-bg-113.tmp | 43.46 hrs unused | 1.8 days old
2026-01-07 18:42:06.470581 | C:\Users\yasht\AppData\Local\Temp\python-languageserver-cancellation\a11c2faf19b35bbaab84c0beaa60b9af5b595b1a96\cancellation-bg-115.tmp | 43.46 hrs unused | 1.8 days old
2026-01-07 18:42:06.470581 | C:\Users\yasht\AppData\Local\Temp\python-languageserver-cancellation\a11c2faf19b35bbaab84c0beaa60b9af5b595b1a96\cancellation-bg-117.tmp | 43.46 hrs unused | 1.8 days old
2026-01-07 18:42:06.486738 | C:\Users\yasht\AppData\Local\Temp\python-languageserver-cancellation\a11c2faf19b35bbaab84c0beaa60b9af5b595b1a96\cancellation-bg-119.tmp | 43.46 hrs unused | 1.8 days old
2026-01-07 18:42:06.486738 | C:\Users\yasht\AppData\Local\Temp\python-languageserver-cancellation\a11c2faf19b35bbaab84c0beaa60b9af5b595b1a96\cancellation-bg-121.tmp | 43.46 hrs unused | 1.8 days old
2026-01-07 18:42:06.486738 | C:\Users\yasht\AppData\Local\Temp\python-languageserver-cancellation\a11c2faf19b35bbaab84c0beaa60b9af5b595b1a96\cancellation-bg-123.tmp | 43.46 hrs unused | 1.8 days old
2026-01-07 18:42:06.486738 | C:\Users\yasht\AppData\Local\Temp\python-languageserver-cancellation\a11c2faf19b35bbaab84c0beaa60b9af5b595b1a96\cancellation-bg-125.tmp | 43.46 hrs unused | 1.8 days old
2026-01-07 18:42:06.486738 | C:\Users\yasht\AppData\Local\Temp\python-languageserver-cancellation\a11c2faf19b35bbaab84c0beaa60b9af5b595b1a96\cancellation-bg-127.tmp | 43.46 hrs unused | 1.8 days old
2026-01-07 18:42:06.486738 | C:\Users\yasht\AppData\Local\Temp\python-languageserver-cancellation\a11c2faf19b35bbaab84c0beaa60b9af5b595b1a96\cancellation-bg-129.tmp | 43.46 hrs unused | 1.8 days old
2026-01-07 18:42:06.486738 | C:\Users\yasht\AppData\Local\Temp\python-languageserver-cancellation\a11c2faf19b35bbaab84c0beaa60b9af5b595b1a96\cancellation-bg-13.tmp | 43.63 hrs unused | 1.8 days old
2026-01-07 18:42:06.486738 | C:\Users\yasht\AppData\Local\Temp\python-languageserver-cancellation\a11c2faf19b35bbaab84c0beaa60b9af5b595b1a96\cancellation-bg-131.tmp | 43.46 hrs unused | 1.8 days old
2026-01-07 18:42:06.486738 | C:\Users\yasht\AppData\Local\Temp\python-languageserver-cancellation\a11c2faf19b35bbaab84c0beaa60b9af5b595b1a96\cancellation-bg-133.tmp | 43.46 hrs unused | 1.8 days old
2026-01-07 18:42:06.502473 | C:\Users\yasht\AppData\Local\Temp\python-languageserver-cancellation\a11c2faf19b35bbaab84c0beaa60b9af5b595b1a96\cancellation-bg-135.tmp | 43.46 hrs unused | 1.8 days old
2026-01-07 18:42:06.502473 | C:\Users\yasht\AppData\Local\Temp\python-languageserver-cancellation\a11c2faf19b35bbaab84c0beaa60b9af5b595b1a96\cancellation-bg-137.tmp | 43.46 hrs unused | 1.8 days old
2026-01-07 18:42:06.502473 | C:\Users\yasht\AppData\Local\Temp\python-languageserver-cancellation\a11c2faf19b35bbaab84c0beaa60b9af5b595b1a96\cancellation-bg-139.tmp | 43.46 hrs unused | 1.8 days old
2026-01-07 18:42:06.502473 | C:\Users\yasht\AppData\Local\Temp\python-languageserver-cancellation\a11c2faf19b35bbaab84c0beaa60b9af5b595b1a96\cancellation-bg-141.tmp | 43.46 hrs unused | 1.8 days old
2026-01-07 18:42:06.502473 | C:\Users\yasht\AppData\Local\Temp\python-languageserver-cancellation\a11c2faf19b35bbaab84c0beaa60b9af5b595b1a96\cancellation-bg-143.tmp | 43.46 hrs unused | 1.8 days old
2026-01-07 18:42:06.502473 | C:\Users\yasht\AppData\Local\Temp\python-languageserver-cancellation\a11c2faf19b35bbaab84c0beaa60b9af5b595b1a96\cancellation-bg-145.tmp | 43.46 hrs unused | 1.8 days old
2026-01-07 18:42:06.502473 | C:\Users\yasht\AppData\Local\Temp\python-languageserver-cancellation\a11c2faf19b35bbaab84c0beaa60b9af5b595b1a96\cancellation-bg-147.tmp | 43.46 hrs unused | 1.8 days old
2026-01-07 18:42:06.502473 | C:\Users\yasht\AppData\Local\Temp\python-languageserver-cancellation\a11c2faf19b35bbaab84c0beaa60b9af5b595b1a96\cancellation-bg-149.tmp | 43.46 hrs unused | 1.8 days old
2026-01-07 18:42:06.502473 | C:\Users\yasht\AppData\Local\Temp\python-languageserver-cancellation\a11c2faf19b35bbaab84c0beaa60b9af5b595b1a96\cancellation-bg-151.tmp | 43.46 hrs unused | 1.8 days old
2026-01-07 18:42:06.520543 | C:\Users\yasht\AppData\Local\Temp\python-languageserver-cancellation\a11c2faf19b35bbaab84c0beaa60b9af5b595b1a96\cancellation-bg-153.tmp | 43.46 hrs unused | 1.8 days old
2026-01-07 18:42:06.520543 | C:\Users\yasht\AppData\Local\Temp\python-languageserver-cancellation\a11c2faf19b35bbaab84c0beaa60b9af5b595b1a96\cancellation-bg-155.tmp | 43.46 hrs unused | 1.8 days old
2026-01-07 18:42:06.520543 | C:\Users\yasht\AppData\Local\Temp\python-languageserver-cancellation\a11c2faf19b35bbaab84c0beaa60b9af5b595b1a96\cancellation-bg-157.tmp | 43.46 hrs unused | 1.8 days old
2026-01-07 18:42:06.520543 | C:\Users\yasht\AppData\Local\Temp\python-languageserver-cancellation\a11c2faf19b35bbaab84c0beaa60b9af5b595b1a96\cancellation-bg-159.tmp | 43.45 hrs unused | 1.8 days old
2026-01-07 18:42:06.520543 | C:\Users\yasht\AppData\Local\Temp\python-languageserver-cancellation\a11c2faf19b35bbaab84c0beaa60b9af5b595b1a96\cancellation-bg-16.tmp | 43.6 hrs unused | 1.8 days old
2026-01-07 18:42:06.527643 | C:\Users\yasht\AppData\Local\Temp\python-languageserver-cancellation\a11c2faf19b35bbaab84c0beaa60b9af5b595b1a96\cancellation-bg-161.tmp | 43.45 hrs unused | 1.8 days old
2026-01-07 18:42:06.527643 | C:\Users\yasht\AppData\Local\Temp\python-languageserver-cancellation\a11c2faf19b35bbaab84c0beaa60b9af5b595b1a96\cancellation-bg-163.tmp | 43.45 hrs unused | 1.8 days old
2026-01-07 18:42:06.527643 | C:\Users\yasht\AppData\Local\Temp\python-languageserver-cancellation\a11c2faf19b35bbaab84c0beaa60b9af5b595b1a96\cancellation-bg-165.tmp | 43.45 hrs unused | 1.8 days old
2026-01-07 18:42:06.527643 | C:\Users\yasht\AppData\Local\Temp\python-languageserver-cancellation\a11c2faf19b35bbaab84c0beaa60b9af5b595b1a96\cancellation-bg-167.tmp | 43.45 hrs unused | 1.8 days old
2026-01-07 18:42:06.534535 | C:\Users\yasht\AppData\Local\Temp\python-languageserver-cancellation\a11c2faf19b35bbaab84c0beaa60b9af5b595b1a96\cancellation-bg-169.tmp | 43.45 hrs unused | 1.8 days old
2026-01-07 18:42:06.534535 | C:\Users\yasht\AppData\Local\Temp\python-languageserver-cancellation\a11c2faf19b35bbaab84c0beaa60b9af5b595b1a96\cancellation-bg-171.tmp | 43.45 hrs unused | 1.8 days old
2026-01-07 18:42:06.534535 | C:\Users\yasht\AppData\Local\Temp\python-languageserver-cancellation\a11c2faf19b35bbaab84c0beaa60b9af5b595b1a96\cancellation-bg-173.tmp | 43.45 hrs unused | 1.8 days old
2026-01-07 18:42:06.534535 | C:\Users\yasht\AppData\Local\Temp\python-languageserver-cancellation\a11c2faf19b35bbaab84c0beaa60b9af5b595b1a96\cancellation-bg-175.tmp | 43.45 hrs unused | 1.8 days old
2026-01-07 18:42:06.534535 | C:\Users\yasht\AppData\Local\Temp\python-languageserver-cancellation\a11c2faf19b35bbaab84c0beaa60b9af5b595b1a96\cancellation-bg-177.tmp | 43.44 hrs unused | 1.8 days old
2026-01-07 18:42:06.543210 | C:\Users\yasht\AppData\Local\Temp\python-languageserver-cancellation\a11c2faf19b35bbaab84c0beaa60b9af5b595b1a96\cancellation-bg-18.tmp | 43.6 hrs unused | 1.8 days old
2026-01-07 18:42:06.543210 | C:\Users\yasht\AppData\Local\Temp\python-languageserver-cancellation\a11c2faf19b35bbaab84c0beaa60b9af5b595b1a96\cancellation-bg-180.tmp | 43.43 hrs unused | 1.8 days old
2026-01-07 18:42:06.543210 | C:\Users\yasht\AppData\Local\Temp\python-languageserver-cancellation\a11c2faf19b35bbaab84c0beaa60b9af5b595b1a96\cancellation-bg-182.tmp | 43.43 hrs unused | 1.8 days old
2026-01-07 18:42:06.548130 | C:\Users\yasht\AppData\Local\Temp\python-languageserver-cancellation\a11c2faf19b35bbaab84c0beaa60b9af5b595b1a96\cancellation-bg-184.tmp | 43.43 hrs unused | 1.8 days old
2026-01-07 18:42:06.548130 | C:\Users\yasht\AppData\Local\Temp\python-languageserver-cancellation\a11c2faf19b35bbaab84c0beaa60b9af5b595b1a96\cancellation-bg-186.tmp | 43.43 hrs unused | 1.8 days old
2026-01-07 18:42:06.548130 | C:\Users\yasht\AppData\Local\Temp\python-languageserver-cancellation\a11c2faf19b35bbaab84c0beaa60b9af5b595b1a96\cancellation-bg-188.tmp | 43.38 hrs unused | 1.8 days old
2026-01-07 18:42:06.562172 | C:\Users\yasht\AppData\Local\Temp\python-languageserver-cancellation\a11c2faf19b35bbaab84c0beaa60b9af5b595b1a96\cancellation-bg-190.tmp | 43.38 hrs unused | 1.8 days old
2026-01-07 18:42:06.567940 | C:\Users\yasht\AppData\Local\Temp\python-languageserver-cancellation\a11c2faf19b35bbaab84c0beaa60b9af5b595b1a96\cancellation-bg-192.tmp | 43.38 hrs unused | 1.8 days old
2026-01-07 18:42:06.569240 | C:\Users\yasht\AppData\Local\Temp\python-languageserver-cancellation\a11c2faf19b35bbaab84c0beaa60b9af5b595b1a96\cancellation-bg-194.tmp | 43.38 hrs unused | 1.8 days old
2026-01-07 18:42:06.569240 | C:\Users\yasht\AppData\Local\Temp\python-languageserver-cancellation\a11c2faf19b35bbaab84c0beaa60b9af5b595b1a96\cancellation-bg-196.tmp | 43.37 hrs unused | 1.8 days old
2026-01-07 18:42:06.569240 | C:\Users\yasht\AppData\Local\Temp\python-languageserver-cancellation\a11c2faf19b35bbaab84c0beaa60b9af5b595b1a96\cancellation-bg-198.tmp | 43.37 hrs unused | 1.8 days old
2026-01-07 18:42:06.569240 | C:\Users\yasht\AppData\Local\Temp\python-languageserver-cancellation\a11c2faf19b35bbaab84c0beaa60b9af5b595b1a96\cancellation-bg-20.tmp | 43.6 hrs unused | 1.8 days old
2026-01-07 18:42:06.576120 | C:\Users\yasht\AppData\Local\Temp\python-languageserver-cancellation\a11c2faf19b35bbaab84c0beaa60b9af5b595b1a96\cancellation-bg-200.tmp | 43.37 hrs unused | 1.8 days old
2026-01-07 18:42:06.576120 | C:\Users\yasht\AppData\Local\Temp\python-languageserver-cancellation\a11c2faf19b35bbaab84c0beaa60b9af5b595b1a96\cancellation-bg-202.tmp | 43.37 hrs unused | 1.8 days old
2026-01-07 18:42:06.576120 | C:\Users\yasht\AppData\Local\Temp\python-languageserver-cancellation\a11c2faf19b35bbaab84c0beaa60b9af5b595b1a96\cancellation-bg-204.tmp | 43.37 hrs unused | 1.8 days old
2026-01-07 18:42:06.576120 | C:\Users\yasht\AppData\Local\Temp\python-languageserver-cancellation\a11c2faf19b35bbaab84c0beaa60b9af5b595b1a96\cancellation-bg-206.tmp | 43.37 hrs unused | 1.8 days old
2026-01-07 18:42:06.576120 | C:\Users\yasht\AppData\Local\Temp\python-languageserver-cancellation\a11c2faf19b35bbaab84c0beaa60b9af5b595b1a96\cancellation-bg-208.tmp | 43.36 hrs unused | 1.8 days old
2026-01-07 18:42:06.584868 | C:\Users\yasht\AppData\Local\Temp\python-languageserver-cancellation\a11c2faf19b35bbaab84c0beaa60b9af5b595b1a96\cancellation-bg-210.tmp | 43.36 hrs unused | 1.8 days old
2026-01-07 18:42:06.584868 | C:\Users\yasht\AppData\Local\Temp\python-languageserver-cancellation\a11c2faf19b35bbaab84c0beaa60b9af5b595b1a96\cancellation-bg-212.tmp | 43.36 hrs unused | 1.8 days old
2026-01-07 18:42:06.584868 | C:\Users\yasht\AppData\Local\Temp\python-languageserver-cancellation\a11c2faf19b35bbaab84c0beaa60b9af5b595b1a96\cancellation-bg-214.tmp | 43.36 hrs unused | 1.8 days old
2026-01-07 18:42:06.590000 | C:\Users\yasht\AppData\Local\Temp\python-languageserver-cancellation\a11c2faf19b35bbaab84c0beaa60b9af5b595b1a96\cancellation-bg-216.tmp | 43.35 hrs unused | 1.8 days old
2026-01-07 18:42:06.590000 | C:\Users\yasht\AppData\Local\Temp\python-languageserver-cancellation\a11c2faf19b35bbaab84c0beaa60b9af5b595b1a96\cancellation-bg-218.tmp | 43.35 hrs unused | 1.8 days old
2026-01-07 18:42:06.593349 | C:\Users\yasht\AppData\Local\Temp\python-languageserver-cancellation\a11c2faf19b35bbaab84c0beaa60b9af5b595b1a96\cancellation-bg-22.tmp | 43.6 hrs unused | 1.8 days old
2026-01-07 18:42:06.593349 | C:\Users\yasht\AppData\Local\Temp\python-languageserver-cancellation\a11c2faf19b35bbaab84c0beaa60b9af5b595b1a96\cancellation-bg-220.tmp | 43.35 hrs unused | 1.8 days old
2026-01-07 18:42:06.593349 | C:\Users\yasht\AppData\Local\Temp\python-languageserver-cancellation\a11c2faf19b35bbaab84c0beaa60b9af5b595b1a96\cancellation-bg-222.tmp | 43.35 hrs unused | 1.8 days old
2026-01-07 18:42:06.597038 | C:\Users\yasht\AppData\Local\Temp\python-languageserver-cancellation\a11c2faf19b35bbaab84c0beaa60b9af5b595b1a96\cancellation-bg-224.tmp | 43.34 hrs unused | 1.8 days old
2026-01-07 18:42:06.597038 | C:\Users\yasht\AppData\Local\Temp\python-languageserver-cancellation\a11c2faf19b35bbaab84c0beaa60b9af5b595b1a96\cancellation-bg-226.tmp | 43.34 hrs unused | 1.8 days old
2026-01-07 18:42:06.597038 | C:\Users\yasht\AppData\Local\Temp\python-languageserver-cancellation\a11c2faf19b35bbaab84c0beaa60b9af5b595b1a96\cancellation-bg-228.tmp | 43.34 hrs unused | 1.8 days old
2026-01-07 18:42:06.601874 | C:\Users\yasht\AppData\Local\Temp\python-languageserver-cancellation\a11c2faf19b35bbaab84c0beaa60b9af5b595b1a96\cancellation-bg-230.tmp | 43.34 hrs unused | 1.8 days old
2026-01-07 18:42:06.603532 | C:\Users\yasht\AppData\Local\Temp\python-languageserver-cancellation\a11c2faf19b35bbaab84c0beaa60b9af5b595b1a96\cancellation-bg-232.tmp | 43.33 hrs unused | 1.8 days old
2026-01-07 18:42:06.603532 | C:\Users\yasht\AppData\Local\Temp\python-languageserver-cancellation\a11c2faf19b35bbaab84c0beaa60b9af5b595b1a96\cancellation-bg-234.tmp | 43.33 hrs unused | 1.8 days old
2026-01-07 18:42:06.603532 | C:\Users\yasht\AppData\Local\Temp\python-languageserver-cancellation\a11c2faf19b35bbaab84c0beaa60b9af5b595b1a96\cancellation-bg-236.tmp | 43.33 hrs unused | 1.8 days old
2026-01-07 18:42:06.605587 | C:\Users\yasht\AppData\Local\Temp\python-languageserver-cancellation\a11c2faf19b35bbaab84c0beaa60b9af5b595b1a96\cancellation-bg-238.tmp | 43.33 hrs unused | 1.8 days old
2026-01-07 18:42:06.605587 | C:\Users\yasht\AppData\Local\Temp\python-languageserver-cancellation\a11c2faf19b35bbaab84c0beaa60b9af5b595b1a96\cancellation-bg-24.tmp | 43.6 hrs unused | 1.8 days old
2026-01-07 18:42:06.605587 | C:\Users\yasht\AppData\Local\Temp\python-languageserver-cancellation\a11c2faf19b35bbaab84c0beaa60b9af5b595b1a96\cancellation-bg-240.tmp | 43.3 hrs unused | 1.8 days old
2026-01-07 18:42:06.608105 | C:\Users\yasht\AppData\Local\Temp\python-languageserver-cancellation\a11c2faf19b35bbaab84c0beaa60b9af5b595b1a96\cancellation-bg-242.tmp | 43.3 hrs unused | 1.8 days old
2026-01-07 18:42:06.608687 | C:\Users\yasht\AppData\Local\Temp\python-languageserver-cancellation\a11c2faf19b35bbaab84c0beaa60b9af5b595b1a96\cancellation-bg-244.tmp | 43.3 hrs unused | 1.8 days old
2026-01-07 18:42:06.609196 | C:\Users\yasht\AppData\Local\Temp\python-languageserver-cancellation\a11c2faf19b35bbaab84c0beaa60b9af5b595b1a96\cancellation-bg-246.tmp | 43.3 hrs unused | 1.8 days old
2026-01-07 18:42:06.610206 | C:\Users\yasht\AppData\Local\Temp\python-languageserver-cancellation\a11c2faf19b35bbaab84c0beaa60b9af5b595b1a96\cancellation-bg-248.tmp | 43.3 hrs unused | 1.8 days old
2026-01-07 18:42:06.611412 | C:\Users\yasht\AppData\Local\Temp\python-languageserver-cancellation\a11c2faf19b35bbaab84c0beaa60b9af5b595b1a96\cancellation-bg-250.tmp | 43.3 hrs unused | 1.8 days old
2026-01-07 18:42:06.611931 | C:\Users\yasht\AppData\Local\Temp\python-languageserver-cancellation\a11c2faf19b35bbaab84c0beaa60b9af5b595b1a96\cancellation-bg-252.tmp | 43.3 hrs unused | 1.8 days old
2026-01-07 18:42:06.613448 | C:\Users\yasht\AppData\Local\Temp\python-languageserver-cancellation\a11c2faf19b35bbaab84c0beaa60b9af5b595b1a96\cancellation-bg-254.tmp | 43.29 hrs unused | 1.8 days old
2026-01-07 18:42:06.614950 | C:\Users\yasht\AppData\Local\Temp\python-languageserver-cancellation\a11c2faf19b35bbaab84c0beaa60b9af5b595b1a96\cancellation-bg-256.tmp | 43.29 hrs unused | 1.8 days old
2026-01-07 18:42:06.617477 | C:\Users\yasht\AppData\Local\Temp\python-languageserver-cancellation\a11c2faf19b35bbaab84c0beaa60b9af5b595b1a96\cancellation-bg-258.tmp | 43.29 hrs unused | 1.8 days old
2026-01-07 18:42:06.622561 | C:\Users\yasht\AppData\Local\Temp\python-languageserver-cancellation\a11c2faf19b35bbaab84c0beaa60b9af5b595b1a96\cancellation-bg-26.tmp | 43.6 hrs unused | 1.8 days old
2026-01-07 18:42:06.622561 | C:\Users\yasht\AppData\Local\Temp\python-languageserver-cancellation\a11c2faf19b35bbaab84c0beaa60b9af5b595b1a96\cancellation-bg-260.tmp | 43.29 hrs unused | 1.8 days old
2026-01-07 18:42:06.625670 | C:\Users\yasht\AppData\Local\Temp\python-languageserver-cancellation\a11c2faf19b35bbaab84c0beaa60b9af5b595b1a96\cancellation-bg-262.tmp | 43.28 hrs unused | 1.8 days old
2026-01-07 18:42:06.625670 | C:\Users\yasht\AppData\Local\Temp\python-languageserver-cancellation\a11c2faf19b35bbaab84c0beaa60b9af5b595b1a96\cancellation-bg-264.tmp | 43.28 hrs unused | 1.8 days old
2026-01-07 18:42:06.627177 | C:\Users\yasht\AppData\Local\Temp\python-languageserver-cancellation\a11c2faf19b35bbaab84c0beaa60b9af5b595b1a96\cancellation-bg-266.tmp | 43.28 hrs unused | 1.8 days old
2026-01-07 18:42:06.627853 | C:\Users\yasht\AppData\Local\Temp\python-languageserver-cancellation\a11c2faf19b35bbaab84c0beaa60b9af5b595b1a96\cancellation-bg-268.tmp | 43.28 hrs unused | 1.8 days old
2026-01-07 18:42:06.628628 | C:\Users\yasht\AppData\Local\Temp\python-languageserver-cancellation\a11c2faf19b35bbaab84c0beaa60b9af5b595b1a96\cancellation-bg-270.tmp | 43.28 hrs unused | 1.8 days old
2026-01-07 18:42:06.629629 | C:\Users\yasht\AppData\Local\Temp\python-languageserver-cancellation\a11c2faf19b35bbaab84c0beaa60b9af5b595b1a96\cancellation-bg-272.tmp | 43.28 hrs unused | 1.8 days old
2026-01-07 18:42:06.630632 | C:\Users\yasht\AppData\Local\Temp\python-languageserver-cancellation\a11c2faf19b35bbaab84c0beaa60b9af5b595b1a96\cancellation-bg-274.tmp | 43.28 hrs unused | 1.8 days old
2026-01-07 18:42:06.632022 | C:\Users\yasht\AppData\Local\Temp\python-languageserver-cancellation\a11c2faf19b35bbaab84c0beaa60b9af5b595b1a96\cancellation-bg-276.tmp | 43.28 hrs unused | 1.8 days old
2026-01-07 18:42:06.633062 | C:\Users\yasht\AppData\Local\Temp\python-languageserver-cancellation\a11c2faf19b35bbaab84c0beaa60b9af5b595b1a96\cancellation-bg-278.tmp | 43.28 hrs unused | 1.8 days old
2026-01-07 18:42:06.634087 | C:\Users\yasht\AppData\Local\Temp\python-languageserver-cancellation\a11c2faf19b35bbaab84c0beaa60b9af5b595b1a96\cancellation-bg-28.tmp | 43.59 hrs unused | 1.8 days old
2026-01-07 18:42:06.634675 | C:\Users\yasht\AppData\Local\Temp\python-languageserver-cancellation\a11c2faf19b35bbaab84c0beaa60b9af5b595b1a96\cancellation-bg-280.tmp | 43.28 hrs unused | 1.8 days old
2026-01-07 18:42:06.635684 | C:\Users\yasht\AppData\Local\Temp\python-languageserver-cancellation\a11c2faf19b35bbaab84c0beaa60b9af5b595b1a96\cancellation-bg-282.tmp | 43.27 hrs unused | 1.8 days old
2026-01-07 18:42:06.637175 | C:\Users\yasht\AppData\Local\Temp\python-languageserver-cancellation\a11c2faf19b35bbaab84c0beaa60b9af5b595b1a96\cancellation-bg-284.tmp | 43.26 hrs unused | 1.8 days old
2026-01-07 18:42:06.637175 | C:\Users\yasht\AppData\Local\Temp\python-languageserver-cancellation\a11c2faf19b35bbaab84c0beaa60b9af5b595b1a96\cancellation-bg-286.tmp | 43.26 hrs unused | 1.8 days old
2026-01-07 18:42:06.639933 | C:\Users\yasht\AppData\Local\Temp\python-languageserver-cancellation\a11c2faf19b35bbaab84c0beaa60b9af5b595b1a96\cancellation-bg-288.tmp | 43.24 hrs unused | 1.8 days old
2026-01-07 18:42:06.640443 | C:\Users\yasht\AppData\Local\Temp\python-languageserver-cancellation\a11c2faf19b35bbaab84c0beaa60b9af5b595b1a96\cancellation-bg-290.tmp | 43.23 hrs unused | 1.8 days old
2026-01-07 18:42:06.641588 | C:\Users\yasht\AppData\Local\Temp\python-languageserver-cancellation\a11c2faf19b35bbaab84c0beaa60b9af5b595b1a96\cancellation-bg-294.tmp | 43.23 hrs unused | 1.8 days old
2026-01-07 18:42:06.643131 | C:\Users\yasht\AppData\Local\Temp\python-languageserver-cancellation\a11c2faf19b35bbaab84c0beaa60b9af5b595b1a96\cancellation-bg-296.tmp | 43.22 hrs unused | 1.8 days old
2026-01-07 18:42:06.643963 | C:\Users\yasht\AppData\Local\Temp\python-languageserver-cancellation\a11c2faf19b35bbaab84c0beaa60b9af5b595b1a96\cancellation-bg-299.tmp | 43.22 hrs unused | 1.8 days old
2026-01-07 18:42:06.644757 | C:\Users\yasht\AppData\Local\Temp\python-languageserver-cancellation\a11c2faf19b35bbaab84c0beaa60b9af5b595b1a96\cancellation-bg-3.tmp | 43.63 hrs unused | 1.8 days old
2026-01-07 18:42:06.645656 | C:\Users\yasht\AppData\Local\Temp\python-languageserver-cancellation\a11c2faf19b35bbaab84c0beaa60b9af5b595b1a96\cancellation-bg-30.tmp | 43.59 hrs unused | 1.8 days old
2026-01-07 18:42:06.645656 | C:\Users\yasht\AppData\Local\Temp\python-languageserver-cancellation\a11c2faf19b35bbaab84c0beaa60b9af5b595b1a96\cancellation-bg-301.tmp | 43.22 hrs unused | 1.8 days old
2026-01-07 18:42:06.647663 | C:\Users\yasht\AppData\Local\Temp\python-languageserver-cancellation\a11c2faf19b35bbaab84c0beaa60b9af5b595b1a96\cancellation-bg-303.tmp | 43.22 hrs unused | 1.8 days old
2026-01-07 18:42:06.648170 | C:\Users\yasht\AppData\Local\Temp\python-languageserver-cancellation\a11c2faf19b35bbaab84c0beaa60b9af5b595b1a96\cancellation-bg-307.tmp | 43.22 hrs unused | 1.8 days old
2026-01-07 18:42:06.648914 | C:\Users\yasht\AppData\Local\Temp\python-languageserver-cancellation\a11c2faf19b35bbaab84c0beaa60b9af5b595b1a96\cancellation-bg-309.tmp | 43.22 hrs unused | 1.8 days old
2026-01-07 18:42:06.650275 | C:\Users\yasht\AppData\Local\Temp\python-languageserver-cancellation\a11c2faf19b35bbaab84c0beaa60b9af5b595b1a96\cancellation-bg-311.tmp | 43.2 hrs unused | 1.8 days old
2026-01-07 18:42:06.650786 | C:\Users\yasht\AppData\Local\Temp\python-languageserver-cancellation\a11c2faf19b35bbaab84c0beaa60b9af5b595b1a96\cancellation-bg-313.tmp | 43.2 hrs unused | 1.8 days old
2026-01-07 18:42:06.652296 | C:\Users\yasht\AppData\Local\Temp\python-languageserver-cancellation\a11c2faf19b35bbaab84c0beaa60b9af5b595b1a96\cancellation-bg-316.tmp | 43.2 hrs unused | 1.8 days old
2026-01-07 18:42:06.654150 | C:\Users\yasht\AppData\Local\Temp\python-languageserver-cancellation\a11c2faf19b35bbaab84c0beaa60b9af5b595b1a96\cancellation-bg-318.tmp | 43.09 hrs unused | 1.8 days old
2026-01-07 18:42:06.654150 | C:\Users\yasht\AppData\Local\Temp\python-languageserver-cancellation\a11c2faf19b35bbaab84c0beaa60b9af5b595b1a96\cancellation-bg-32.tmp | 43.59 hrs unused | 1.8 days old
2026-01-07 18:42:06.655487 | C:\Users\yasht\AppData\Local\Temp\python-languageserver-cancellation\a11c2faf19b35bbaab84c0beaa60b9af5b595b1a96\cancellation-bg-320.tmp | 43.09 hrs unused | 1.8 days old
2026-01-07 18:42:06.655487 | C:\Users\yasht\AppData\Local\Temp\python-languageserver-cancellation\a11c2faf19b35bbaab84c0beaa60b9af5b595b1a96\cancellation-bg-322.tmp | 43.09 hrs unused | 1.8 days old
2026-01-07 18:42:06.657498 | C:\Users\yasht\AppData\Local\Temp\python-languageserver-cancellation\a11c2faf19b35bbaab84c0beaa60b9af5b595b1a96\cancellation-bg-324.tmp | 43.06 hrs unused | 1.8 days old
2026-01-07 18:42:06.659115 | C:\Users\yasht\AppData\Local\Temp\python-languageserver-cancellation\a11c2faf19b35bbaab84c0beaa60b9af5b595b1a96\cancellation-bg-326.tmp | 43.03 hrs unused | 1.8 days old
2026-01-07 18:42:06.659721 | C:\Users\yasht\AppData\Local\Temp\python-languageserver-cancellation\a11c2faf19b35bbaab84c0beaa60b9af5b595b1a96\cancellation-bg-327.tmp | 43.03 hrs unused | 1.8 days old
2026-01-07 18:42:06.660734 | C:\Users\yasht\AppData\Local\Temp\python-languageserver-cancellation\a11c2faf19b35bbaab84c0beaa60b9af5b595b1a96\cancellation-bg-329.tmp | 43.05 hrs unused | 1.8 days old
2026-01-07 18:42:06.660734 | C:\Users\yasht\AppData\Local\Temp\python-languageserver-cancellation\a11c2faf19b35bbaab84c0beaa60b9af5b595b1a96\cancellation-bg-331.tmp | 43.05 hrs unused | 1.8 days old
2026-01-07 18:42:06.662748 | C:\Users\yasht\AppData\Local\Temp\python-languageserver-cancellation\a11c2faf19b35bbaab84c0beaa60b9af5b595b1a96\cancellation-bg-333.tmp | 43.05 hrs unused | 1.8 days old
2026-01-07 18:42:06.670946 | C:\Users\yasht\AppData\Local\Temp\python-languageserver-cancellation\a11c2faf19b35bbaab84c0beaa60b9af5b595b1a96\cancellation-bg-335.tmp | 43.05 hrs unused | 1.8 days old
2026-01-07 18:42:06.673408 | C:\Users\yasht\AppData\Local\Temp\python-languageserver-cancellation\a11c2faf19b35bbaab84c0beaa60b9af5b595b1a96\cancellation-bg-337.tmp | 43.05 hrs unused | 1.8 days old
2026-01-07 18:42:06.673408 | C:\Users\yasht\AppData\Local\Temp\python-languageserver-cancellation\a11c2faf19b35bbaab84c0beaa60b9af5b595b1a96\cancellation-bg-339.tmp | 43.0 hrs unused | 1.8 days old
2026-01-07 18:42:06.677381 | C:\Users\yasht\AppData\Local\Temp\python-languageserver-cancellation\a11c2faf19b35bbaab84c0beaa60b9af5b595b1a96\cancellation-bg-34.tmp | 43.59 hrs unused | 1.8 days old
2026-01-07 18:42:06.680224 | C:\Users\yasht\AppData\Local\Temp\python-languageserver-cancellation\a11c2faf19b35bbaab84c0beaa60b9af5b595b1a96\cancellation-bg-341.tmp | 43.02 hrs unused | 1.8 days old
2026-01-07 18:42:06.683761 | C:\Users\yasht\AppData\Local\Temp\python-languageserver-cancellation\a11c2faf19b35bbaab84c0beaa60b9af5b595b1a96\cancellation-bg-342.tmp | 43.02 hrs unused | 1.8 days old
2026-01-07 18:42:06.685729 | C:\Users\yasht\AppData\Local\Temp\python-languageserver-cancellation\a11c2faf19b35bbaab84c0beaa60b9af5b595b1a96\cancellation-bg-345.tmp | 43.0 hrs unused | 1.8 days old
2026-01-07 18:42:06.686999 | C:\Users\yasht\AppData\Local\Temp\python-languageserver-cancellation\a11c2faf19b35bbaab84c0beaa60b9af5b595b1a96\cancellation-bg-347.tmp | 43.0 hrs unused | 1.8 days old
2026-01-07 18:42:06.690134 | C:\Users\yasht\AppData\Local\Temp\python-languageserver-cancellation\a11c2faf19b35bbaab84c0beaa60b9af5b595b1a96\cancellation-bg-349.tmp | 43.0 hrs unused | 1.8 days old
2026-01-07 18:42:06.692145 | C:\Users\yasht\AppData\Local\Temp\python-languageserver-cancellation\a11c2faf19b35bbaab84c0beaa60b9af5b595b1a96\cancellation-bg-36.tmp | 43.59 hrs unused | 1.8 days old
2026-01-07 18:42:06.694012 | C:\Users\yasht\AppData\Local\Temp\python-languageserver-cancellation\a11c2faf19b35bbaab84c0beaa60b9af5b595b1a96\cancellation-bg-38.tmp | 43.59 hrs unused | 1.8 days old
2026-01-07 18:42:06.694012 | C:\Users\yasht\AppData\Local\Temp\python-languageserver-cancellation\a11c2faf19b35bbaab84c0beaa60b9af5b595b1a96\cancellation-bg-40.tmp | 43.59 hrs unused | 1.8 days old
2026-01-07 18:42:06.694012 | C:\Users\yasht\AppData\Local\Temp\python-languageserver-cancellation\a11c2faf19b35bbaab84c0beaa60b9af5b595b1a96\cancellation-bg-42.tmp | 43.58 hrs unused | 1.8 days old
2026-01-07 18:42:06.694012 | C:\Users\yasht\AppData\Local\Temp\python-languageserver-cancellation\a11c2faf19b35bbaab84c0beaa60b9af5b595b1a96\cancellation-bg-44.tmp | 43.58 hrs unused | 1.8 days old
2026-01-07 18:42:06.694012 | C:\Users\yasht\AppData\Local\Temp\python-languageserver-cancellation\a11c2faf19b35bbaab84c0beaa60b9af5b595b1a96\cancellation-bg-46.tmp | 43.58 hrs unused | 1.8 days old
2026-01-07 18:42:06.694012 | C:\Users\yasht\AppData\Local\Temp\python-languageserver-cancellation\a11c2faf19b35bbaab84c0beaa60b9af5b595b1a96\cancellation-bg-48.tmp | 43.58 hrs unused | 1.8 days old
2026-01-07 18:42:06.702164 | C:\Users\yasht\AppData\Local\Temp\python-languageserver-cancellation\a11c2faf19b35bbaab84c0beaa60b9af5b595b1a96\cancellation-bg-5.tmp | 43.63 hrs unused | 1.8 days old
2026-01-07 18:42:06.702164 | C:\Users\yasht\AppData\Local\Temp\python-languageserver-cancellation\a11c2faf19b35bbaab84c0beaa60b9af5b595b1a96\cancellation-bg-50.tmp | 43.58 hrs unused | 1.8 days old
2026-01-07 18:42:06.708047 | C:\Users\yasht\AppData\Local\Temp\python-languageserver-cancellation\a11c2faf19b35bbaab84c0beaa60b9af5b595b1a96\cancellation-bg-52.tmp | 43.58 hrs unused | 1.8 days old
2026-01-07 18:42:06.710410 | C:\Users\yasht\AppData\Local\Temp\python-languageserver-cancellation\a11c2faf19b35bbaab84c0beaa60b9af5b595b1a96\cancellation-bg-54.tmp | 43.58 hrs unused | 1.8 days old
2026-01-07 18:42:06.710410 | C:\Users\yasht\AppData\Local\Temp\python-languageserver-cancellation\a11c2faf19b35bbaab84c0beaa60b9af5b595b1a96\cancellation-bg-56.tmp | 43.58 hrs unused | 1.8 days old
2026-01-07 18:42:06.710410 | C:\Users\yasht\AppData\Local\Temp\python-languageserver-cancellation\a11c2faf19b35bbaab84c0beaa60b9af5b595b1a96\cancellation-bg-58.tmp | 43.57 hrs unused | 1.8 days old
2026-01-07 18:42:06.710410 | C:\Users\yasht\AppData\Local\Temp\python-languageserver-cancellation\a11c2faf19b35bbaab84c0beaa60b9af5b595b1a96\cancellation-bg-60.tmp | 43.57 hrs unused | 1.8 days old
2026-01-07 18:42:06.714928 | C:\Users\yasht\AppData\Local\Temp\python-languageserver-cancellation\a11c2faf19b35bbaab84c0beaa60b9af5b595b1a96\cancellation-bg-62.tmp | 43.57 hrs unused | 1.8 days old
2026-01-07 18:42:06.714928 | C:\Users\yasht\AppData\Local\Temp\python-languageserver-cancellation\a11c2faf19b35bbaab84c0beaa60b9af5b595b1a96\cancellation-bg-64.tmp | 43.56 hrs unused | 1.8 days old
2026-01-07 18:42:06.718956 | C:\Users\yasht\AppData\Local\Temp\python-languageserver-cancellation\a11c2faf19b35bbaab84c0beaa60b9af5b595b1a96\cancellation-bg-66.tmp | 43.55 hrs unused | 1.8 days old
2026-01-07 18:42:06.718956 | C:\Users\yasht\AppData\Local\Temp\python-languageserver-cancellation\a11c2faf19b35bbaab84c0beaa60b9af5b595b1a96\cancellation-bg-68.tmp | 43.54 hrs unused | 1.8 days old
2026-01-07 18:42:06.721652 | C:\Users\yasht\AppData\Local\Temp\python-languageserver-cancellation\a11c2faf19b35bbaab84c0beaa60b9af5b595b1a96\cancellation-bg-69.tmp | 43.54 hrs unused | 1.8 days old
2026-01-07 18:42:06.721652 | C:\Users\yasht\AppData\Local\Temp\python-languageserver-cancellation\a11c2faf19b35bbaab84c0beaa60b9af5b595b1a96\cancellation-bg-70.tmp | 43.55 hrs unused | 1.8 days old
2026-01-07 18:42:06.721652 | C:\Users\yasht\AppData\Local\Temp\python-languageserver-cancellation\a11c2faf19b35bbaab84c0beaa60b9af5b595b1a96\cancellation-bg-72.tmp | 43.55 hrs unused | 1.8 days old
2026-01-07 18:42:06.727342 | C:\Users\yasht\AppData\Local\Temp\python-languageserver-cancellation\a11c2faf19b35bbaab84c0beaa60b9af5b595b1a96\cancellation-bg-74.tmp | 43.55 hrs unused | 1.8 days old
2026-01-07 18:42:06.728993 | C:\Users\yasht\AppData\Local\Temp\python-languageserver-cancellation\a11c2faf19b35bbaab84c0beaa60b9af5b595b1a96\cancellation-bg-76.tmp | 43.55 hrs unused | 1.8 days old
2026-01-07 18:42:06.728993 | C:\Users\yasht\AppData\Local\Temp\python-languageserver-cancellation\a11c2faf19b35bbaab84c0beaa60b9af5b595b1a96\cancellation-bg-78.tmp | 43.54 hrs unused | 1.8 days old
2026-01-07 18:42:06.731147 | C:\Users\yasht\AppData\Local\Temp\python-languageserver-cancellation\a11c2faf19b35bbaab84c0beaa60b9af5b595b1a96\cancellation-bg-80.tmp | 43.54 hrs unused | 1.8 days old
2026-01-07 18:42:06.732243 | C:\Users\yasht\AppData\Local\Temp\python-languageserver-cancellation\a11c2faf19b35bbaab84c0beaa60b9af5b595b1a96\cancellation-bg-82.tmp | 43.54 hrs unused | 1.8 days old
2026-01-07 18:42:06.732243 | C:\Users\yasht\AppData\Local\Temp\python-languageserver-cancellation\a11c2faf19b35bbaab84c0beaa60b9af5b595b1a96\cancellation-bg-84.tmp | 43.54 hrs unused | 1.8 days old
2026-01-07 18:42:06.735913 | C:\Users\yasht\AppData\Local\Temp\python-languageserver-cancellation\a11c2faf19b35bbaab84c0beaa60b9af5b595b1a96\cancellation-bg-86.tmp | 43.54 hrs unused | 1.8 days old
2026-01-07 18:42:06.740467 | C:\Users\yasht\AppData\Local\Temp\python-languageserver-cancellation\a11c2faf19b35bbaab84c0beaa60b9af5b595b1a96\cancellation-bg-88.tmp | 43.54 hrs unused | 1.8 days old
2026-01-07 18:42:06.742924 | C:\Users\yasht\AppData\Local\Temp\python-languageserver-cancellation\a11c2faf19b35bbaab84c0beaa60b9af5b595b1a96\cancellation-bg-9.tmp | 43.63 hrs unused | 1.8 days old
2026-01-07 18:42:06.744179 | C:\Users\yasht\AppData\Local\Temp\python-languageserver-cancellation\a11c2faf19b35bbaab84c0beaa60b9af5b595b1a96\cancellation-bg-90.tmp | 43.52 hrs unused | 1.8 days old
2026-01-07 18:42:06.744179 | C:\Users\yasht\AppData\Local\Temp\python-languageserver-cancellation\a11c2faf19b35bbaab84c0beaa60b9af5b595b1a96\cancellation-bg-92.tmp | 43.06 hrs unused | 1.8 days old
2026-01-07 18:42:06.744179 | C:\Users\yasht\AppData\Local\Temp\python-languageserver-cancellation\a11c2faf19b35bbaab84c0beaa60b9af5b595b1a96\cancellation-bg-93.tmp | 43.06 hrs unused | 1.8 days old
2026-01-07 18:42:06.749663 | C:\Users\yasht\AppData\Local\Temp\python-languageserver-cancellation\a11c2faf19b35bbaab84c0beaa60b9af5b595b1a96\cancellation-bg-94.tmp | 43.47 hrs unused | 1.8 days old
2026-01-07 18:42:06.752593 | C:\Users\yasht\AppData\Local\Temp\python-languageserver-cancellation\a11c2faf19b35bbaab84c0beaa60b9af5b595b1a96\cancellation-bg-96.tmp | 43.47 hrs unused | 1.8 days old
2026-01-07 18:42:06.754225 | C:\Users\yasht\AppData\Local\Temp\python-languageserver-cancellation\a11c2faf19b35bbaab84c0beaa60b9af5b595b1a96\cancellation-bg-98.tmp | 43.47 hrs unused | 1.8 days old
